This file contains any messages produced by compilers while
running configure, to aid debugging if configure makes a mistake.

It was created by configure, which was
generated by GNU Autoconf 2.69.  Invocation command line was

  $ ./configure --no-create --no-recursion

## --------- ##
## Platform. ##
## --------- ##

hostname = Peixebook-Gray.local
uname -m = x86_64
uname -r = 16.7.0
uname -s = Darwin
uname -v = Darwin Kernel Version 16.7.0: Thu Jun 15 17:36:27 PDT 2017; root:xnu-3789.70.16~2/RELEASE_X86_64

/usr/bin/uname -p = i386
/bin/uname -X     = unknown

/bin/arch              = unknown
/usr/bin/arch -k       = unknown
/usr/convex/getsysinfo = unknown
/usr/bin/hostinfo      = Mach kernel version:
	 Darwin Kernel Version 16.7.0: Thu Jun 15 17:36:27 PDT 2017; root:xnu-3789.70.16~2/RELEASE_X86_64
Kernel configured for up to 8 processors.
4 processors are physically available.
8 processors are logically available.
Processor type: x86_64h (Intel x86-64h Haswell)
Processors active: 0 1 2 3 4 5 6 7
Primary memory available: 16.00 gigabytes
Default processor set: 473 tasks, 2388 threads, 8 processors
Load average: 1.56, Mach factor: 6.43
/bin/machine           = unknown
/usr/bin/oslevel       = unknown
/bin/universe          = unknown

PATH: /usr/local/bin
PATH: /usr/bin
PATH: /bin
PATH: /usr/sbin
PATH: /sbin


## ----------- ##
## Core tests. ##
## ----------- ##

configure:2263: checking for a BSD-compatible install
configure:2331: result: /usr/bin/install -c
configure:2342: checking whether build environment is sane
configure:2397: result: yes
configure:2435: WARNING: 'missing' script is too old or missing
configure:2548: checking for a thread-safe mkdir -p
configure:2587: result: ./install-sh -c -d
configure:2594: checking for gawk
configure:2624: result: no
configure:2594: checking for mawk
configure:2624: result: no
configure:2594: checking for nawk
configure:2624: result: no
configure:2594: checking for awk
configure:2610: found /usr/bin/awk
configure:2621: result: awk
configure:2632: checking whether make sets $(MAKE)
configure:2654: result: yes
configure:2683: checking whether make supports nested variables
configure:2700: result: yes
configure:2828: checking whether to enable maintainer-specific portions of Makefiles
configure:2837: result: no
configure:2863: checking for style of include used by make
configure:2891: result: GNU
configure:2962: checking for gcc
configure:2978: found /usr/bin/gcc
configure:2989: result: gcc
configure:3218: checking for C compiler version
configure:3227: gcc --version >&5
Apple LLVM version 8.1.0 (clang-802.0.42)
Target: x86_64-apple-darwin16.7.0
Thread model: posix
InstalledDir: /Applications/Xcode.app/Contents/Developer/Toolchains/XcodeDefault.xctoolchain/usr/bin
Configured with: --prefix=/Applications/Xcode.app/Contents/Developer/usr --with-gxx-include-dir=/Applications/Xcode.app/Contents/Developer/Platforms/MacOSX.platform/Developer/SDKs/MacOSX10.12.sdk/usr/include/c++/4.2.1
configure:3238: $? = 0
configure:3227: gcc -v >&5
Configured with: --prefix=/Applications/Xcode.app/Contents/Developer/usr --with-gxx-include-dir=/Applications/Xcode.app/Contents/Developer/Platforms/MacOSX.platform/Developer/SDKs/MacOSX10.12.sdk/usr/include/c++/4.2.1
Apple LLVM version 8.1.0 (clang-802.0.42)
Target: x86_64-apple-darwin16.7.0
Thread model: posix
InstalledDir: /Applications/Xcode.app/Contents/Developer/Toolchains/XcodeDefault.xctoolchain/usr/bin
configure:3238: $? = 0
configure:3227: gcc -V >&5
clang: error: argument to '-V' is missing (expected 1 value)
clang: error: no input files
configure:3238: $? = 1
configure:3227: gcc -qversion >&5
clang: error: unknown argument: '-qversion'
clang: error: no input files
configure:3238: $? = 1
configure:3258: checking whether the C compiler works
configure:3280: gcc    conftest.c  >&5
configure:3284: $? = 0
configure:3332: result: yes
configure:3335: checking for C compiler default output file name
configure:3337: result: a.out
configure:3343: checking for suffix of executables
configure:3350: gcc -o conftest    conftest.c  >&5
configure:3354: $? = 0
configure:3376: result: 
configure:3398: checking whether we are cross compiling
configure:3406: gcc -o conftest    conftest.c  >&5
configure:3410: $? = 0
configure:3417: ./conftest
configure:3421: $? = 0
configure:3436: result: no
configure:3441: checking for suffix of object files
configure:3463: gcc -c   conftest.c >&5
configure:3467: $? = 0
configure:3488: result: o
configure:3492: checking whether we are using the GNU C compiler
configure:3511: gcc -c   conftest.c >&5
configure:3511: $? = 0
configure:3520: result: yes
configure:3529: checking whether gcc accepts -g
configure:3549: gcc -c -g  conftest.c >&5
configure:3549: $? = 0
configure:3590: result: yes
configure:3607: checking for gcc option to accept ISO C89
configure:3670: gcc  -c -g -O2  conftest.c >&5
configure:3670: $? = 0
configure:3683: result: none needed
configure:3708: checking whether gcc understands -c and -o together
configure:3730: gcc -c conftest.c -o conftest2.o
configure:3733: $? = 0
configure:3730: gcc -c conftest.c -o conftest2.o
configure:3733: $? = 0
configure:3745: result: yes
configure:3764: checking dependency style of gcc
configure:3875: result: gcc3
configure:3891: checking for library containing strerror
configure:3922: gcc -o conftest -g -O2   conftest.c  >&5
conftest.c:18:6: warning: incompatible redeclaration of library function 'strerror' [-Wincompatible-library-redeclaration]
char strerror ();
     ^
conftest.c:18:6: note: 'strerror' is a builtin with type 'char *(int)'
1 warning generated.
configure:3922: $? = 0
configure:3939: result: none required
configure:3951: checking build system type
configure:3965: result: x86_64-apple-darwin16.7.0
configure:3985: checking host system type
configure:3998: result: x86_64-apple-darwin16.7.0
configure:4066: checking for gcc
configure:4093: result: gcc
configure:4322: checking for C compiler version
configure:4331: gcc --version >&5
Apple LLVM version 8.1.0 (clang-802.0.42)
Target: x86_64-apple-darwin16.7.0
Thread model: posix
InstalledDir: /Applications/Xcode.app/Contents/Developer/Toolchains/XcodeDefault.xctoolchain/usr/bin
Configured with: --prefix=/Applications/Xcode.app/Contents/Developer/usr --with-gxx-include-dir=/Applications/Xcode.app/Contents/Developer/Platforms/MacOSX.platform/Developer/SDKs/MacOSX10.12.sdk/usr/include/c++/4.2.1
configure:4342: $? = 0
configure:4331: gcc -v >&5
Configured with: --prefix=/Applications/Xcode.app/Contents/Developer/usr --with-gxx-include-dir=/Applications/Xcode.app/Contents/Developer/Platforms/MacOSX.platform/Developer/SDKs/MacOSX10.12.sdk/usr/include/c++/4.2.1
Apple LLVM version 8.1.0 (clang-802.0.42)
Target: x86_64-apple-darwin16.7.0
Thread model: posix
InstalledDir: /Applications/Xcode.app/Contents/Developer/Toolchains/XcodeDefault.xctoolchain/usr/bin
configure:4342: $? = 0
configure:4331: gcc -V >&5
clang: error: argument to '-V' is missing (expected 1 value)
clang: error: no input files
configure:4342: $? = 1
configure:4331: gcc -qversion >&5
clang: error: unknown argument: '-qversion'
clang: error: no input files
configure:4342: $? = 1
configure:4346: checking whether we are using the GNU C compiler
configure:4374: result: yes
configure:4383: checking whether gcc accepts -g
configure:4444: result: yes
configure:4461: checking for gcc option to accept ISO C89
configure:4537: result: none needed
configure:4562: checking whether gcc understands -c and -o together
configure:4599: result: yes
configure:4618: checking dependency style of gcc
configure:4729: result: gcc3
configure:4792: checking for gcc
configure:4819: result: gcc
configure:5048: checking for C compiler version
configure:5057: gcc --version >&5
Apple LLVM version 8.1.0 (clang-802.0.42)
Target: x86_64-apple-darwin16.7.0
Thread model: posix
InstalledDir: /Applications/Xcode.app/Contents/Developer/Toolchains/XcodeDefault.xctoolchain/usr/bin
Configured with: --prefix=/Applications/Xcode.app/Contents/Developer/usr --with-gxx-include-dir=/Applications/Xcode.app/Contents/Developer/Platforms/MacOSX.platform/Developer/SDKs/MacOSX10.12.sdk/usr/include/c++/4.2.1
configure:5068: $? = 0
configure:5057: gcc -v >&5
Configured with: --prefix=/Applications/Xcode.app/Contents/Developer/usr --with-gxx-include-dir=/Applications/Xcode.app/Contents/Developer/Platforms/MacOSX.platform/Developer/SDKs/MacOSX10.12.sdk/usr/include/c++/4.2.1
Apple LLVM version 8.1.0 (clang-802.0.42)
Target: x86_64-apple-darwin16.7.0
Thread model: posix
InstalledDir: /Applications/Xcode.app/Contents/Developer/Toolchains/XcodeDefault.xctoolchain/usr/bin
configure:5068: $? = 0
configure:5057: gcc -V >&5
clang: error: argument to '-V' is missing (expected 1 value)
clang: error: no input files
configure:5068: $? = 1
configure:5057: gcc -qversion >&5
clang: error: unknown argument: '-qversion'
clang: error: no input files
configure:5068: $? = 1
configure:5072: checking whether we are using the GNU C compiler
configure:5100: result: yes
configure:5109: checking whether gcc accepts -g
configure:5170: result: yes
configure:5187: checking for gcc option to accept ISO C89
configure:5263: result: none needed
configure:5288: checking whether gcc understands -c and -o together
configure:5325: result: yes
configure:5344: checking dependency style of gcc
configure:5455: result: gcc3
configure:5478: checking how to run the C preprocessor
configure:5509: gcc -E  conftest.c
configure:5509: $? = 0
configure:5523: gcc -E  conftest.c
conftest.c:11:10: fatal error: 'ac_nonexistent.h' file not found
#include <ac_nonexistent.h>
         ^
1 error generated.
configure:5523: $? = 1
configure: failed program was:
| /* confdefs.h */
| #define PACKAGE_NAME ""
| #define PACKAGE_TARNAME ""
| #define PACKAGE_VERSION ""
| #define PACKAGE_STRING ""
| #define PACKAGE_BUGREPORT ""
| #define PACKAGE_URL ""
| #define PACKAGE "QCADesigner"
| #define VERSION "2.0.3"
| /* end confdefs.h.  */
| #include <ac_nonexistent.h>
configure:5548: result: gcc -E
configure:5568: gcc -E  conftest.c
configure:5568: $? = 0
configure:5582: gcc -E  conftest.c
conftest.c:11:10: fatal error: 'ac_nonexistent.h' file not found
#include <ac_nonexistent.h>
         ^
1 error generated.
configure:5582: $? = 1
configure: failed program was:
| /* confdefs.h */
| #define PACKAGE_NAME ""
| #define PACKAGE_TARNAME ""
| #define PACKAGE_VERSION ""
| #define PACKAGE_STRING ""
| #define PACKAGE_BUGREPORT ""
| #define PACKAGE_URL ""
| #define PACKAGE "QCADesigner"
| #define VERSION "2.0.3"
| /* end confdefs.h.  */
| #include <ac_nonexistent.h>
configure:5611: checking for grep that handles long lines and -e
configure:5669: result: /usr/bin/grep
configure:5674: checking for egrep
configure:5736: result: /usr/bin/grep -E
configure:5741: checking for ANSI C header files
configure:5761: gcc -c -g -O2  conftest.c >&5
configure:5761: $? = 0
configure:5834: gcc -o conftest -g -O2   conftest.c  >&5
configure:5834: $? = 0
configure:5834: ./conftest
configure:5834: $? = 0
configure:5845: result: yes
configure:5866: checking for pkg-config
configure:5884: found /usr/local/bin/pkg-config
configure:5897: result: /usr/local/bin/pkg-config
configure:5908: checking for librsvg
configure:5917: result: no
configure:6036: checking pkg-config is at least version 0.9.0
configure:6039: result: yes
configure:6049: checking for gtk+-2.0 >= 2.2.0
configure:6056: $PKG_CONFIG --exists --print-errors "$pkg_modules"
configure:6059: $? = 0
configure:6073: $PKG_CONFIG --exists --print-errors "$pkg_modules"
configure:6076: $? = 0
configure:6134: result: yes
configure:6147: checking for gthread-2.0 >= 2.0.0
configure:6154: $PKG_CONFIG --exists --print-errors "$pkg_modules"
configure:6157: $? = 0
configure:6171: $PKG_CONFIG --exists --print-errors "$pkg_modules"
configure:6174: $? = 0
configure:6232: result: yes
configure:6254: checking for glib-2.0 >= 2.0
configure:6261: $PKG_CONFIG --exists --print-errors "$pkg_modules"
configure:6264: $? = 0
configure:6278: $PKG_CONFIG --exists --print-errors "$pkg_modules"
configure:6281: $? = 0
configure:6339: result: yes
configure:6347: checking for gobject-2.0 >= 2.0
configure:6354: $PKG_CONFIG --exists --print-errors "$pkg_modules"
configure:6357: $? = 0
configure:6371: $PKG_CONFIG --exists --print-errors "$pkg_modules"
configure:6374: $? = 0
configure:6432: result: yes
configure:6479: checking for sys/types.h
configure:6479: gcc -c -g -O2 -Wall  conftest.c >&5
configure:6479: $? = 0
configure:6479: result: yes
configure:6479: checking for sys/stat.h
configure:6479: gcc -c -g -O2 -Wall  conftest.c >&5
configure:6479: $? = 0
configure:6479: result: yes
configure:6479: checking for stdlib.h
configure:6479: gcc -c -g -O2 -Wall  conftest.c >&5
configure:6479: $? = 0
configure:6479: result: yes
configure:6479: checking for string.h
configure:6479: gcc -c -g -O2 -Wall  conftest.c >&5
configure:6479: $? = 0
configure:6479: result: yes
configure:6479: checking for memory.h
configure:6479: gcc -c -g -O2 -Wall  conftest.c >&5
configure:6479: $? = 0
configure:6479: result: yes
configure:6479: checking for strings.h
configure:6479: gcc -c -g -O2 -Wall  conftest.c >&5
configure:6479: $? = 0
configure:6479: result: yes
configure:6479: checking for inttypes.h
configure:6479: gcc -c -g -O2 -Wall  conftest.c >&5
configure:6479: $? = 0
configure:6479: result: yes
configure:6479: checking for stdint.h
configure:6479: gcc -c -g -O2 -Wall  conftest.c >&5
configure:6479: $? = 0
configure:6479: result: yes
configure:6479: checking for unistd.h
configure:6479: gcc -c -g -O2 -Wall  conftest.c >&5
configure:6479: $? = 0
configure:6479: result: yes
configure:6494: checking locale.h usability
configure:6494: gcc -c -g -O2 -Wall  conftest.c >&5
configure:6494: $? = 0
configure:6494: result: yes
configure:6494: checking locale.h presence
configure:6494: gcc -E  conftest.c
configure:6494: $? = 0
configure:6494: result: yes
configure:6494: checking for locale.h
configure:6494: result: yes
configure:6505: checking for LC_MESSAGES
configure:6521: gcc -o conftest -g -O2 -Wall   conftest.c  >&5
configure:6521: $? = 0
configure:6529: result: yes
configure:6547: checking for CFPreferencesCopyAppValue
configure:6565: gcc -o conftest -g -O2 -Wall   conftest.c  -Wl,-framework -Wl,CoreFoundation >&5
conftest.c:29:37: warning: null passed to a callee that requires a non-null argument [-Wnonnull]
CFPreferencesCopyAppValue(NULL, NULL)
                          ~~~~      ^
conftest.c:29:37: warning: null passed to a callee that requires a non-null argument [-Wnonnull]
CFPreferencesCopyAppValue(NULL, NULL)
                                ~~~~^
2 warnings generated.
configure:6565: $? = 0
configure:6574: result: yes
configure:6581: checking for CFLocaleCopyCurrent
configure:6599: gcc -o conftest -g -O2 -Wall   conftest.c  -Wl,-framework -Wl,CoreFoundation >&5
configure:6599: $? = 0
configure:6608: result: yes
configure:6622: checking libintl.h usability
configure:6622: gcc -c -g -O2 -Wall  conftest.c >&5
conftest.c:60:10: fatal error: 'libintl.h' file not found
#include <libintl.h>
         ^
1 error generated.
configure:6622: $? = 1
configure: failed program was:
| /* confdefs.h */
| #define PACKAGE_NAME ""
| #define PACKAGE_TARNAME ""
| #define PACKAGE_VERSION ""
| #define PACKAGE_STRING ""
| #define PACKAGE_BUGREPORT ""
| #define PACKAGE_URL ""
| #define PACKAGE "QCADesigner"
| #define VERSION "2.0.3"
| #define STDC_HEADERS 1
| #define GETTEXT_PACKAGE "QCADesigner"
| #define PACKAGE_SOURCE_DIR "/Users/luizin/Downloads/QCADesignerNew/QCADesigner-2.0.3"
| #define HAVE_SYS_TYPES_H 1
| #define HAVE_SYS_STAT_H 1
| #define HAVE_STDLIB_H 1
| #define HAVE_STRING_H 1
| #define HAVE_MEMORY_H 1
| #define HAVE_STRINGS_H 1
| #define HAVE_INTTYPES_H 1
| #define HAVE_STDINT_H 1
| #define HAVE_UNISTD_H 1
| #define HAVE_LOCALE_H 1
| #define HAVE_LC_MESSAGES 1
| #define HAVE_CFPREFERENCESCOPYAPPVALUE 1
| #define HAVE_CFLOCALECOPYCURRENT 1
| /* end confdefs.h.  */
| #include <stdio.h>
| #ifdef HAVE_SYS_TYPES_H
| # include <sys/types.h>
| #endif
| #ifdef HAVE_SYS_STAT_H
| # include <sys/stat.h>
| #endif
| #ifdef STDC_HEADERS
| # include <stdlib.h>
| # include <stddef.h>
| #else
| # ifdef HAVE_STDLIB_H
| #  include <stdlib.h>
| # endif
| #endif
| #ifdef HAVE_STRING_H
| # if !defined STDC_HEADERS && defined HAVE_MEMORY_H
| #  include <memory.h>
| # endif
| # include <string.h>
| #endif
| #ifdef HAVE_STRINGS_H
| # include <strings.h>
| #endif
| #ifdef HAVE_INTTYPES_H
| # include <inttypes.h>
| #endif
| #ifdef HAVE_STDINT_H
| # include <stdint.h>
| #endif
| #ifdef HAVE_UNISTD_H
| # include <unistd.h>
| #endif
| #include <libintl.h>
configure:6622: result: no
configure:6622: checking libintl.h presence
configure:6622: gcc -E  conftest.c
conftest.c:27:10: fatal error: 'libintl.h' file not found
#include <libintl.h>
         ^
1 error generated.
configure:6622: $? = 1
configure: failed program was:
| /* confdefs.h */
| #define PACKAGE_NAME ""
| #define PACKAGE_TARNAME ""
| #define PACKAGE_VERSION ""
| #define PACKAGE_STRING ""
| #define PACKAGE_BUGREPORT ""
| #define PACKAGE_URL ""
| #define PACKAGE "QCADesigner"
| #define VERSION "2.0.3"
| #define STDC_HEADERS 1
| #define GETTEXT_PACKAGE "QCADesigner"
| #define PACKAGE_SOURCE_DIR "/Users/luizin/Downloads/QCADesignerNew/QCADesigner-2.0.3"
| #define HAVE_SYS_TYPES_H 1
| #define HAVE_SYS_STAT_H 1
| #define HAVE_STDLIB_H 1
| #define HAVE_STRING_H 1
| #define HAVE_MEMORY_H 1
| #define HAVE_STRINGS_H 1
| #define HAVE_INTTYPES_H 1
| #define HAVE_STDINT_H 1
| #define HAVE_UNISTD_H 1
| #define HAVE_LOCALE_H 1
| #define HAVE_LC_MESSAGES 1
| #define HAVE_CFPREFERENCESCOPYAPPVALUE 1
| #define HAVE_CFLOCALECOPYCURRENT 1
| /* end confdefs.h.  */
| #include <libintl.h>
configure:6622: result: no
configure:6622: checking for libintl.h
configure:6622: result: no
configure:7433: checking that generated files are newer than configure
configure:7439: result: done
configure:7474: creating ./config.status

## ---------------- ##
## Cache variables. ##
## ---------------- ##

ac_cv_build=x86_64-apple-darwin16.7.0
ac_cv_c_compiler_gnu=yes
ac_cv_env_CC_set=
ac_cv_env_CC_value=
ac_cv_env_CFLAGS_set=
ac_cv_env_CFLAGS_value=
ac_cv_env_CPPFLAGS_set=
ac_cv_env_CPPFLAGS_value=
ac_cv_env_CPP_set=
ac_cv_env_CPP_value=
ac_cv_env_GLIB_CFLAGS_set=
ac_cv_env_GLIB_CFLAGS_value=
ac_cv_env_GLIB_LIBS_set=
ac_cv_env_GLIB_LIBS_value=
ac_cv_env_GOBJECT_CFLAGS_set=
ac_cv_env_GOBJECT_CFLAGS_value=
ac_cv_env_GOBJECT_LIBS_set=
ac_cv_env_GOBJECT_LIBS_value=
ac_cv_env_GTHREAD_CFLAGS_set=
ac_cv_env_GTHREAD_CFLAGS_value=
ac_cv_env_GTHREAD_LIBS_set=
ac_cv_env_GTHREAD_LIBS_value=
ac_cv_env_GTK_CFLAGS_set=
ac_cv_env_GTK_CFLAGS_value=
ac_cv_env_GTK_LIBS_set=
ac_cv_env_GTK_LIBS_value=
ac_cv_env_LDFLAGS_set=
ac_cv_env_LDFLAGS_value=
ac_cv_env_LIBS_set=
ac_cv_env_LIBS_value=
ac_cv_env_PKG_CONFIG_LIBDIR_set=
ac_cv_env_PKG_CONFIG_LIBDIR_value=
ac_cv_env_PKG_CONFIG_PATH_set=
ac_cv_env_PKG_CONFIG_PATH_value=
ac_cv_env_PKG_CONFIG_set=
ac_cv_env_PKG_CONFIG_value=
ac_cv_env_build_alias_set=
ac_cv_env_build_alias_value=
ac_cv_env_host_alias_set=
ac_cv_env_host_alias_value=
ac_cv_env_target_alias_set=
ac_cv_env_target_alias_value=
ac_cv_header_inttypes_h=yes
ac_cv_header_libintl_h=no
ac_cv_header_locale_h=yes
ac_cv_header_memory_h=yes
ac_cv_header_stdc=yes
ac_cv_header_stdint_h=yes
ac_cv_header_stdlib_h=yes
ac_cv_header_string_h=yes
ac_cv_header_strings_h=yes
ac_cv_header_sys_stat_h=yes
ac_cv_header_sys_types_h=yes
ac_cv_header_unistd_h=yes
ac_cv_host=x86_64-apple-darwin16.7.0
ac_cv_objext=o
ac_cv_path_EGREP='/usr/bin/grep -E'
ac_cv_path_GREP=/usr/bin/grep
ac_cv_path_PKG_CONFIG=/usr/local/bin/pkg-config
ac_cv_path_install='/usr/bin/install -c'
ac_cv_prog_AWK=awk
ac_cv_prog_CPP='gcc -E'
ac_cv_prog_ac_ct_CC=gcc
ac_cv_prog_cc_c89=
ac_cv_prog_cc_g=yes
ac_cv_prog_make_make_set=yes
ac_cv_search_strerror='none required'
am_cv_CC_dependencies_compiler_type=gcc3
am_cv_make_support_nested_variables=yes
am_cv_prog_cc_c_o=yes
am_cv_prog_cc_stdc=
am_cv_val_LC_MESSAGES=yes
gt_cv_func_CFLocaleCopyCurrent=yes
gt_cv_func_CFPreferencesCopyAppValue=yes
gt_cv_have_gettext=no
pkg_cv_GLIB_CFLAGS='-I/usr/local/Cellar/glib/2.52.3/include/glib-2.0 -I/usr/local/Cellar/glib/2.52.3/lib/glib-2.0/include -I/usr/local/opt/gettext/include -I/usr/local/Cellar/pcre/8.41/include'
pkg_cv_GLIB_LIBS='-L/usr/local/Cellar/glib/2.52.3/lib -L/usr/local/opt/gettext/lib -lglib-2.0 -lintl -Wl,-framework -Wl,CoreFoundation'
pkg_cv_GOBJECT_CFLAGS='-I/usr/local/Cellar/glib/2.52.3/include/glib-2.0 -I/usr/local/Cellar/glib/2.52.3/lib/glib-2.0/include -I/usr/local/opt/gettext/include -I/usr/local/Cellar/pcre/8.41/include'
pkg_cv_GOBJECT_LIBS='-L/usr/local/Cellar/glib/2.52.3/lib -L/usr/local/opt/gettext/lib -lgobject-2.0 -lglib-2.0 -lintl -Wl,-framework -Wl,CoreFoundation'
pkg_cv_GTHREAD_CFLAGS='-D_REENTRANT -I/usr/local/Cellar/glib/2.52.3/include/glib-2.0 -I/usr/local/Cellar/glib/2.52.3/lib/glib-2.0/include -I/usr/local/opt/gettext/include -I/usr/local/Cellar/pcre/8.41/include'
pkg_cv_GTHREAD_LIBS='-L/usr/local/Cellar/glib/2.52.3/lib -L/usr/local/opt/gettext/lib -lgthread-2.0 -lglib-2.0 -lintl -Wl,-framework -Wl,CoreFoundation'
pkg_cv_GTK_CFLAGS='-D_REENTRANT -I/usr/local/Cellar/gtk+/2.24.31_1/include/gtk-2.0 -I/usr/local/Cellar/gtk+/2.24.31_1/lib/gtk-2.0/include -I/usr/local/Cellar/pango/1.40.12/include/pango-1.0 -I/usr/local/Cellar/harfbuzz/1.5.1/include/harfbuzz -I/usr/local/Cellar/graphite2/1.3.10/include -I/usr/local/Cellar/pango/1.40.12/include/pango-1.0 -I/usr/local/Cellar/atk/2.24.0/include/atk-1.0 -I/usr/local/Cellar/cairo/1.14.10/include/cairo -I/usr/local/Cellar/pixman/0.34.0_1/include/pixman-1 -I/usr/local/Cellar/fontconfig/2.12.5/include -I/usr/local/opt/freetype/include/freetype2 -I/usr/local/Cellar/libpng/1.6.32/include/libpng16 -I/usr/local/Cellar/gdk-pixbuf/2.36.9/include/gdk-pixbuf-2.0 -I/usr/local/Cellar/libpng/1.6.32/include/libpng16 -I/usr/local/Cellar/glib/2.52.3/include/glib-2.0 -I/usr/local/Cellar/glib/2.52.3/lib/glib-2.0/include -I/usr/local/opt/gettext/include -I/usr/local/Cellar/pcre/8.41/include'
pkg_cv_GTK_LIBS='-L/usr/local/Cellar/gtk+/2.24.31_1/lib -L/usr/local/Cellar/pango/1.40.12/lib -L/usr/local/Cellar/atk/2.24.0/lib -L/usr/local/Cellar/cairo/1.14.10/lib -L/usr/local/Cellar/gdk-pixbuf/2.36.9/lib -L/usr/local/Cellar/glib/2.52.3/lib -L/usr/local/opt/gettext/lib -lgtk-quartz-2.0 -lgdk-quartz-2.0 -lpangocairo-1.0 -lpango-1.0 -latk-1.0 -lcairo -lgdk_pixbuf-2.0 -lgio-2.0 -lgobject-2.0 -lglib-2.0 -lintl -Wl,-framework -Wl,CoreFoundation'

## ----------------- ##
## Output variables. ##
## ----------------- ##

ACLOCAL='aclocal-1.15'
AMDEPBACKSLASH='\'
AMDEP_FALSE='#'
AMDEP_TRUE=''
AMTAR='$${TAR-tar}'
AM_BACKSLASH='\'
AM_DEFAULT_V='$(AM_DEFAULT_VERBOSITY)'
AM_DEFAULT_VERBOSITY='1'
AM_V='$(V)'
AUTOCONF='autoconf'
AUTOHEADER='autoheader'
AUTOMAKE='automake-1.15'
AWK='awk'
CATALOGS=''
CATOBJEXT='NONE'
CC='gcc'
CCDEPMODE='depmode=gcc3'
CFLAGS='-g -O2 -Wall'
CPP='gcc -E'
CPPFLAGS=''
CYGPATH_W='echo'
DATADIRNAME=''
DEFS='-DPACKAGE_NAME=\"\" -DPACKAGE_TARNAME=\"\" -DPACKAGE_VERSION=\"\" -DPACKAGE_STRING=\"\" -DPACKAGE_BUGREPORT=\"\" -DPACKAGE_URL=\"\" -DPACKAGE=\"QCADesigner\" -DVERSION=\"2.0.3\" -DSTDC_HEADERS=1 -DGETTEXT_PACKAGE=\"QCADesigner\" -DPACKAGE_SOURCE_DIR=\"/Users/luizin/Downloads/QCADesignerNew/QCADesigner-2.0.3\" -DHAVE_SYS_TYPES_H=1 -DHAVE_SYS_STAT_H=1 -DHAVE_STDLIB_H=1 -DHAVE_STRING_H=1 -DHAVE_MEMORY_H=1 -DHAVE_STRINGS_H=1 -DHAVE_INTTYPES_H=1 -DHAVE_STDINT_H=1 -DHAVE_UNISTD_H=1 -DHAVE_LOCALE_H=1 -DHAVE_LC_MESSAGES=1 -DHAVE_CFPREFERENCESCOPYAPPVALUE=1 -DHAVE_CFLOCALECOPYCURRENT=1'
DEPDIR='.deps'
ECHO_C='\c'
ECHO_N=''
ECHO_T=''
EGREP='/usr/bin/grep -E'
EXEEXT=''
GETTEXT_PACKAGE='QCADesigner'
GLIB_CFLAGS='-I/usr/local/Cellar/glib/2.52.3/include/glib-2.0 -I/usr/local/Cellar/glib/2.52.3/lib/glib-2.0/include -I/usr/local/opt/gettext/include -I/usr/local/Cellar/pcre/8.41/include'
GLIB_LIBS='-L/usr/local/Cellar/glib/2.52.3/lib -L/usr/local/opt/gettext/lib -lglib-2.0 -lintl -Wl,-framework -Wl,CoreFoundation'
GMOFILES=' de.gmo hu.gmo ro.gmo fr.gmo'
GMSGFMT=''
GOBJECT_CFLAGS='-I/usr/local/Cellar/glib/2.52.3/include/glib-2.0 -I/usr/local/Cellar/glib/2.52.3/lib/glib-2.0/include -I/usr/local/opt/gettext/include -I/usr/local/Cellar/pcre/8.41/include'
GOBJECT_LIBS='-L/usr/local/Cellar/glib/2.52.3/lib -L/usr/local/opt/gettext/lib -lgobject-2.0 -lglib-2.0 -lintl -Wl,-framework -Wl,CoreFoundation'
GREP='/usr/bin/grep'
GTHREAD_CFLAGS='-D_REENTRANT -I/usr/local/Cellar/glib/2.52.3/include/glib-2.0 -I/usr/local/Cellar/glib/2.52.3/lib/glib-2.0/include -I/usr/local/opt/gettext/include -I/usr/local/Cellar/pcre/8.41/include'
GTHREAD_LIBS='-L/usr/local/Cellar/glib/2.52.3/lib -L/usr/local/opt/gettext/lib -lgthread-2.0 -lglib-2.0 -lintl -Wl,-framework -Wl,CoreFoundation'
GTK_CFLAGS='-D_REENTRANT -I/usr/local/Cellar/gtk+/2.24.31_1/include/gtk-2.0 -I/usr/local/Cellar/gtk+/2.24.31_1/lib/gtk-2.0/include -I/usr/local/Cellar/pango/1.40.12/include/pango-1.0 -I/usr/local/Cellar/harfbuzz/1.5.1/include/harfbuzz -I/usr/local/Cellar/graphite2/1.3.10/include -I/usr/local/Cellar/pango/1.40.12/include/pango-1.0 -I/usr/local/Cellar/atk/2.24.0/include/atk-1.0 -I/usr/local/Cellar/cairo/1.14.10/include/cairo -I/usr/local/Cellar/pixman/0.34.0_1/include/pixman-1 -I/usr/local/Cellar/fontconfig/2.12.5/include -I/usr/local/opt/freetype/include/freetype2 -I/usr/local/Cellar/libpng/1.6.32/include/libpng16 -I/usr/local/Cellar/gdk-pixbuf/2.36.9/include/gdk-pixbuf-2.0 -I/usr/local/Cellar/libpng/1.6.32/include/libpng16 -I/usr/local/Cellar/glib/2.52.3/include/glib-2.0 -I/usr/local/Cellar/glib/2.52.3/lib/glib-2.0/include -I/usr/local/opt/gettext/include -I/usr/local/Cellar/pcre/8.41/include'
GTK_LIBS='-L/usr/local/Cellar/gtk+/2.24.31_1/lib -L/usr/local/Cellar/pango/1.40.12/lib -L/usr/local/Cellar/atk/2.24.0/lib -L/usr/local/Cellar/cairo/1.14.10/lib -L/usr/local/Cellar/gdk-pixbuf/2.36.9/lib -L/usr/local/Cellar/glib/2.52.3/lib -L/usr/local/opt/gettext/lib -lgtk-quartz-2.0 -lgdk-quartz-2.0 -lpangocairo-1.0 -lpango-1.0 -latk-1.0 -lcairo -lgdk_pixbuf-2.0 -lgio-2.0 -lgobject-2.0 -lglib-2.0 -lintl -Wl,-framework -Wl,CoreFoundation'
ICON_EXT='_0_48x48x24a.png'
INSTALL_DATA='${INSTALL} -m 644'
INSTALL_PROGRAM='${INSTALL}'
INSTALL_SCRIPT='${INSTALL}'
INSTALL_STRIP_PROGRAM='$(install_sh) -c -s'
INSTOBJEXT=''
INTLLIBS=''
INTL_MACOSX_LIBS='-Wl,-framework -Wl,CoreFoundation'
LDFLAGS=''
LIBOBJS=''
LIBS=''
LTLIBOBJS=''
MAINT='#'
MAINTAINER_MODE_FALSE=''
MAINTAINER_MODE_TRUE='#'
MAKEINFO='makeinfo'
MKDIR_P='./install-sh -c -d'
MKINSTALLDIRS='./mkinstalldirs'
MSGFMT=''
MSGFMT_OPTS=''
OBJEXT='o'
PACKAGE='QCADesigner'
PACKAGE_BUGREPORT=''
PACKAGE_NAME=''
PACKAGE_STRING=''
PACKAGE_TARNAME=''
PACKAGE_URL=''
PACKAGE_VERSION=''
PATH_SEPARATOR=':'
PKG_CONFIG='/usr/local/bin/pkg-config'
PKG_CONFIG_LIBDIR=''
PKG_CONFIG_PATH=''
POFILES=' de.po hu.po ro.po fr.po'
POSUB='po'
PO_IN_DATADIR_FALSE=''
PO_IN_DATADIR_TRUE=''
SET_MAKE=''
SHELL='/bin/sh'
STRIP=''
USE_NLS='yes'
VERSION='2.0.3'
XGETTEXT=':'
ac_ct_CC='gcc'
am__EXEEXT_FALSE=''
am__EXEEXT_TRUE='#'
am__fastdepCC_FALSE='#'
am__fastdepCC_TRUE=''
am__include='include'
am__isrc=''
am__leading_dot='.'
am__nodep='_no'
am__quote=''
am__tar='$${TAR-tar} chof - "$$tardir"'
am__untar='$${TAR-tar} xf -'
bindir='${exec_prefix}/bin'
build='x86_64-apple-darwin16.7.0'
build_alias=''
build_cpu='x86_64'
build_os='darwin16.7.0'
build_vendor='apple'
datadir='${datarootdir}'
datarootdir='${prefix}/share'
docdir='${datarootdir}/doc/${PACKAGE}'
dvidir='${docdir}'
exec_prefix='${prefix}'
host='x86_64-apple-darwin16.7.0'
host_alias=''
host_cpu='x86_64'
host_os='darwin16.7.0'
host_vendor='apple'
htmldir='${docdir}'
includedir='${prefix}/include'
infodir='${datarootdir}/info'
install_sh='${SHELL} /Users/luizin/Downloads/QCADesignerNew/QCADesigner-2.0.3/install-sh'
libdir='${exec_prefix}/lib'
libexecdir='${exec_prefix}/libexec'
localedir='${datarootdir}/locale'
localstatedir='${prefix}/var'
mandir='${datarootdir}/man'
mkdir_p='$(MKDIR_P)'
oldincludedir='/usr/include'
packagesrcdir='/Users/luizin/Downloads/QCADesignerNew/QCADesigner-2.0.3'
pdfdir='${docdir}'
prefix='/usr/local'
program_transform_name='s,x,x,'
psdir='${docdir}'
sbindir='${exec_prefix}/sbin'
sharedstatedir='${prefix}/com'
sysconfdir='${prefix}/etc'
target_alias=''

## ----------- ##
## confdefs.h. ##
## ----------- ##

/* confdefs.h */
#define PACKAGE_NAME ""
#define PACKAGE_TARNAME ""
#define PACKAGE_VERSION ""
#define PACKAGE_STRING ""
#define PACKAGE_BUGREPORT ""
#define PACKAGE_URL ""
#define PACKAGE "QCADesigner"
#define VERSION "2.0.3"
#define STDC_HEADERS 1
#define GETTEXT_PACKAGE "QCADesigner"
#define PACKAGE_SOURCE_DIR "/Users/luizin/Downloads/QCADesignerNew/QCADesigner-2.0.3"
#define HAVE_SYS_TYPES_H 1
#define HAVE_SYS_STAT_H 1
#define HAVE_STDLIB_H 1
#define HAVE_STRING_H 1
#define HAVE_MEMORY_H 1
#define HAVE_STRINGS_H 1
#define HAVE_INTTYPES_H 1
#define HAVE_STDINT_H 1
#define HAVE_UNISTD_H 1
#define HAVE_LOCALE_H 1
#define HAVE_LC_MESSAGES 1
#define HAVE_CFPREFERENCESCOPYAPPVALUE 1
#define HAVE_CFLOCALECOPYCURRENT 1

configure: exit 0

## ---------------------- ##
## Running config.status. ##
## ---------------------- ##

This file was extended by config.status, which was
generated by GNU Autoconf 2.69.  Invocation command line was

  CONFIG_FILES    = 
  CONFIG_HEADERS  = 
  CONFIG_LINKS    = 
  CONFIG_COMMANDS = 
  $ ./config.status 

on Peixebook-Gray.local

config.status:841: creating Makefile
config.status:841: creating src/Makefile
config.status:841: creating po/Makefile.in
config.status:841: creating docs/Makefile
config.status:841: creating pixmaps/Makefile
config.status:841: creating QCADesigner.desktop
config.status:841: creating graph_dialog.desktop
config.status:841: creating QCADesigner.spec
config.status:841: creating QCADesigner-win32.iss
config.status:841: creating QCADesigner-win32-gtk.iss
config.status:1013: executing depfiles commands
config.status:1013: executing default-1 commands
